<?xml version="1.0" encoding="UTF-8"?>
<testsuite name="com.example.burrowwebapp.BurrowWebAppApplicationTests" tests="1" skipped="0" failures="0" errors="0" timestamp="2020-12-22T01:56:31" hostname="DESKTOP-3RQCO6Q" time="0.362">
  <properties/>
  <testcase name="contextLoads()" classname="com.example.burrowwebapp.BurrowWebAppApplicationTests" time="0.362"/>
  <system-out><![CDATA[19:56:22.764 [Test worker] DEBUG org.springframework.test.context.BootstrapUtils - Instantiating CacheAwareContextLoaderDelegate from class [org.springframework.test.context.cache.DefaultCacheAwareContextLoaderDelegate]
19:56:22.781 [Test worker] DEBUG org.springframework.test.context.BootstrapUtils - Instantiating BootstrapContext using constructor [public org.springframework.test.context.support.DefaultBootstrapContext(java.lang.Class,org.springframework.test.context.CacheAwareContextLoaderDelegate)]
19:56:22.809 [Test worker] DEBUG org.springframework.test.context.BootstrapUtils - Instantiating TestContextBootstrapper for test class [com.example.burrowwebapp.BurrowWebAppApplicationTests] from class [org.springframework.boot.test.context.SpringBootTestContextBootstrapper]
19:56:22.831 [Test worker] INFO org.springframework.boot.test.context.SpringBootTestContextBootstrapper - Neither @ContextConfiguration nor @ContextHierarchy found for test class [com.example.burrowwebapp.BurrowWebAppApplicationTests], using SpringBootContextLoader
19:56:22.840 [Test worker] DEBUG org.springframework.test.context.support.AbstractContextLoader - Did not detect default resource location for test class [com.example.burrowwebapp.BurrowWebAppApplicationTests]: class path resource [com/example/burrowwebapp/BurrowWebAppApplicationTests-context.xml] does not exist
19:56:22.841 [Test worker] DEBUG org.springframework.test.context.support.AbstractContextLoader - Did not detect default resource location for test class [com.example.burrowwebapp.BurrowWebAppApplicationTests]: class path resource [com/example/burrowwebapp/BurrowWebAppApplicationTestsContext.groovy] does not exist
19:56:22.842 [Test worker] INFO org.springframework.test.context.support.AbstractContextLoader - Could not detect default resource locations for test class [com.example.burrowwebapp.BurrowWebAppApplicationTests]: no resource found for suffixes {-context.xml, Context.groovy}.
19:56:22.843 [Test worker] INFO org.springframework.test.context.support.AnnotationConfigContextLoaderUtils - Could not detect default configuration classes for test class [com.example.burrowwebapp.BurrowWebAppApplicationTests]: BurrowWebAppApplicationTests does not declare any static, non-private, non-final, nested classes annotated with @Configuration.
19:56:22.928 [Test worker] DEBUG org.springframework.test.context.support.ActiveProfilesUtils - Could not find an 'annotation declaring class' for annotation type [org.springframework.test.context.ActiveProfiles] and class [com.example.burrowwebapp.BurrowWebAppApplicationTests]
19:56:23.023 [Test worker] DEBUG org.springframework.context.annotation.ClassPathScanningCandidateComponentProvider - Identified candidate component class: file [C:\Users\Sarah\Desktop\burrow-web-app\build\classes\java\main\com\example\burrowwebapp\BurrowWebAppApplication.class]
19:56:23.026 [Test worker] INFO org.springframework.boot.test.context.SpringBootTestContextBootstrapper - Found @SpringBootConfiguration com.example.burrowwebapp.BurrowWebAppApplication for test class com.example.burrowwebapp.BurrowWebAppApplicationTests
19:56:23.196 [Test worker] DEBUG org.springframework.boot.test.context.SpringBootTestContextBootstrapper - @TestExecutionListeners is not present for class [com.example.burrowwebapp.BurrowWebAppApplicationTests]: using defaults.
19:56:23.197 [Test worker] INFO org.springframework.boot.test.context.SpringBootTestContextBootstrapper - Loaded default TestExecutionListener class names from location [META-INF/spring.factories]: [org.springframework.boot.test.autoconfigure.restdocs.RestDocsTestExecutionListener, org.springframework.boot.test.autoconfigure.web.client.MockRestServiceServerResetTestExecutionListener, org.springframework.boot.test.autoconfigure.web.servlet.MockMvcPrintOnlyOnFailureTestExecutionListener, org.springframework.boot.test.autoconfigure.web.servlet.WebDriverTestExecutionListener, org.springframework.boot.test.mock.mockito.MockitoTestExecutionListener, org.springframework.boot.test.mock.mockito.ResetMocksTestExecutionListener, org.springframework.test.context.web.ServletTestExecutionListener, org.springframework.test.context.support.DirtiesContextBeforeModesTestExecutionListener, org.springframework.test.context.support.DependencyInjectionTestExecutionListener, org.springframework.test.context.support.DirtiesContextTestExecutionListener, org.springframework.test.context.transaction.TransactionalTestExecutionListener, org.springframework.test.context.jdbc.SqlScriptsTestExecutionListener, org.springframework.test.context.event.EventPublishingTestExecutionListener]
19:56:23.226 [Test worker] INFO org.springframework.boot.test.context.SpringBootTestContextBootstrapper - Using TestExecutionListeners: [org.springframework.test.context.web.ServletTestExecutionListener@7d4e0cc1, org.springframework.test.context.support.DirtiesContextBeforeModesTestExecutionListener@1b072f87, org.springframework.boot.test.mock.mockito.MockitoTestExecutionListener@4ff69427, org.springframework.boot.test.autoconfigure.SpringBootDependencyInjectionTestExecutionListener@23cfac93, org.springframework.test.context.support.DirtiesContextTestExecutionListener@2eea942f, org.springframework.test.context.transaction.TransactionalTestExecutionListener@cb3ed62, org.springframework.test.context.jdbc.SqlScriptsTestExecutionListener@771f077f, org.springframework.test.context.event.EventPublishingTestExecutionListener@296a963b, org.springframework.boot.test.autoconfigure.restdocs.RestDocsTestExecutionListener@53db24d5, org.springframework.boot.test.autoconfigure.web.client.MockRestServiceServerResetTestExecutionListener@40100b31, org.springframework.boot.test.autoconfigure.web.servlet.MockMvcPrintOnlyOnFailureTestExecutionListener@4fbbd8b3, org.springframework.boot.test.autoconfigure.web.servlet.WebDriverTestExecutionListener@329d5431, org.springframework.boot.test.mock.mockito.ResetMocksTestExecutionListener@38ea233b]
19:56:23.231 [Test worker] DEBUG org.springframework.test.context.support.AbstractDirtiesContextTestExecutionListener - Before test class: context [DefaultTestContext@75440232 testClass = BurrowWebAppApplicationTests, testInstance = [null], testMethod = [null], testException = [null], mergedContextConfiguration = [WebMergedContextConfiguration@6657fd1e testClass = BurrowWebAppApplicationTests, locations = '{}', classes = '{class com.example.burrowwebapp.BurrowWebAppApplication}', contextInitializerClasses = '[]', activeProfiles = '{}', propertySourceLocations = '{}', propertySourceProperties = '{org.springframework.boot.test.context.SpringBootTestContextBootstrapper=true}', contextCustomizers = set[org.springframework.boot.test.autoconfigure.properties.PropertyMappingContextCustomizer@0, org.springframework.boot.test.autoconfigure.web.servlet.WebDriverContextCustomizerFactory$Customizer@765f8700, org.springframework.boot.test.context.filter.ExcludeFilterContextCustomizer@18fb19d5, org.springframework.boot.test.json.DuplicateJsonObjectContextCustomizerFactory$DuplicateJsonObjectContextCustomizer@148219a7, org.springframework.boot.test.mock.mockito.MockitoContextCustomizer@0, org.springframework.boot.test.web.client.TestRestTemplateContextCustomizer@2aead043], resourceBasePath = 'src/main/webapp', contextLoader = 'org.springframework.boot.test.context.SpringBootContextLoader', parent = [null]], attributes = map['org.springframework.test.context.web.ServletTestExecutionListener.activateListener' -> true]], class annotated with @DirtiesContext [false] with mode [null].
19:56:23.280 [Test worker] DEBUG org.springframework.test.context.support.TestPropertySourceUtils - Adding inlined properties to environment: {spring.jmx.enabled=false, org.springframework.boot.test.context.SpringBootTestContextBootstrapper=true, server.port=-1}

  .   ____          _            __ _ _
 /\\ / ___'_ __ _ _(_)_ __  __ _ \ \ \ \
( ( )\___ | '_ | '_| | '_ \/ _` | \ \ \ \
 \\/  ___)| |_)| | | | | || (_| |  ) ) ) )
  '  |____| .__|_| |_|_| |_\__, | / / / /
 =========|_|==============|___/=/_/_/_/
 :: Spring Boot ::        (v2.2.2.RELEASE)

2020-12-21 19:56:23.751  INFO 6976 --- [    Test worker] c.e.b.BurrowWebAppApplicationTests       : Starting BurrowWebAppApplicationTests on DESKTOP-3RQCO6Q with PID 6976 (started by Sarah in C:\Users\Sarah\Desktop\burrow-web-app)
2020-12-21 19:56:23.753  INFO 6976 --- [    Test worker] c.e.b.BurrowWebAppApplicationTests       : No active profile set, falling back to default profiles: default
2020-12-21 19:56:25.190  INFO 6976 --- [    Test worker] .s.d.r.c.RepositoryConfigurationDelegate : Bootstrapping Spring Data JPA repositories in DEFAULT mode.
2020-12-21 19:56:25.310  INFO 6976 --- [    Test worker] .s.d.r.c.RepositoryConfigurationDelegate : Finished Spring Data repository scanning in 101ms. Found 5 JPA repository interfaces.
2020-12-21 19:56:25.793  INFO 6976 --- [    Test worker] trationDelegate$BeanPostProcessorChecker : Bean 'org.springframework.transaction.annotation.ProxyTransactionManagementConfiguration' of type [org.springframework.transaction.annotation.ProxyTransactionManagementConfiguration] is not eligible for getting processed by all BeanPostProcessors (for example: not eligible for auto-proxying)
2020-12-21 19:56:26.234  INFO 6976 --- [    Test worker] o.hibernate.jpa.internal.util.LogHelper  : HHH000204: Processing PersistenceUnitInfo [name: default]
2020-12-21 19:56:26.358  INFO 6976 --- [    Test worker] org.hibernate.Version                    : HHH000412: Hibernate Core {5.4.9.Final}
2020-12-21 19:56:26.573  INFO 6976 --- [    Test worker] o.hibernate.annotations.common.Version   : HCANN000001: Hibernate Commons Annotations {5.1.0.Final}
2020-12-21 19:56:26.812  INFO 6976 --- [    Test worker] com.zaxxer.hikari.HikariDataSource       : HikariPool-1 - Starting...
2020-12-21 19:56:27.312  INFO 6976 --- [    Test worker] com.zaxxer.hikari.HikariDataSource       : HikariPool-1 - Start completed.
2020-12-21 19:56:27.331  INFO 6976 --- [    Test worker] org.hibernate.dialect.Dialect            : HHH000400: Using dialect: org.hibernate.dialect.MySQL8Dialect
2020-12-21 19:56:28.722  INFO 6976 --- [    Test worker] o.h.e.t.j.p.i.JtaPlatformInitiator       : HHH000490: Using JtaPlatform implementation: [org.hibernate.engine.transaction.jta.platform.internal.NoJtaPlatform]
2020-12-21 19:56:28.732  INFO 6976 --- [    Test worker] j.LocalContainerEntityManagerFactoryBean : Initialized JPA EntityManagerFactory for persistence unit 'default'
2020-12-21 19:56:29.710  WARN 6976 --- [    Test worker] JpaBaseConfiguration$JpaWebConfiguration : spring.jpa.open-in-view is enabled by default. Therefore, database queries may be performed during view rendering. Explicitly configure spring.jpa.open-in-view to disable this warning
2020-12-21 19:56:30.442  INFO 6976 --- [    Test worker] o.s.s.concurrent.ThreadPoolTaskExecutor  : Initializing ExecutorService 'applicationTaskExecutor'
2020-12-21 19:56:30.736  INFO 6976 --- [    Test worker] o.s.b.a.w.s.WelcomePageHandlerMapping    : Adding welcome page template: index
2020-12-21 19:56:31.617  INFO 6976 --- [    Test worker] c.e.b.BurrowWebAppApplicationTests       : Started BurrowWebAppApplicationTests in 8.325 seconds (JVM running for 10.156)
]]></system-out>
  <system-err><![CDATA[]]></system-err>
</testsuite>
