<?xml version="1.0" encoding="UTF-8"?>
<testsuite name="com.example.burrowwebapp.BurrowWebAppApplicationTests" tests="1" skipped="0" failures="0" errors="0" timestamp="2020-11-25T19:03:01" hostname="VT-100541.local" time="0.819">
  <properties/>
  <testcase name="contextLoads()" classname="com.example.burrowwebapp.BurrowWebAppApplicationTests" time="0.819"/>
  <system-out><![CDATA[13:02:51.356 [Test worker] DEBUG org.springframework.test.context.BootstrapUtils - Instantiating CacheAwareContextLoaderDelegate from class [org.springframework.test.context.cache.DefaultCacheAwareContextLoaderDelegate]
13:02:51.400 [Test worker] DEBUG org.springframework.test.context.BootstrapUtils - Instantiating BootstrapContext using constructor [public org.springframework.test.context.support.DefaultBootstrapContext(java.lang.Class,org.springframework.test.context.CacheAwareContextLoaderDelegate)]
13:02:51.511 [Test worker] DEBUG org.springframework.test.context.BootstrapUtils - Instantiating TestContextBootstrapper for test class [com.example.burrowwebapp.BurrowWebAppApplicationTests] from class [org.springframework.boot.test.context.SpringBootTestContextBootstrapper]
13:02:51.534 [Test worker] INFO org.springframework.boot.test.context.SpringBootTestContextBootstrapper - Neither @ContextConfiguration nor @ContextHierarchy found for test class [com.example.burrowwebapp.BurrowWebAppApplicationTests], using SpringBootContextLoader
13:02:51.543 [Test worker] DEBUG org.springframework.test.context.support.AbstractContextLoader - Did not detect default resource location for test class [com.example.burrowwebapp.BurrowWebAppApplicationTests]: class path resource [com/example/burrowwebapp/BurrowWebAppApplicationTests-context.xml] does not exist
13:02:51.544 [Test worker] DEBUG org.springframework.test.context.support.AbstractContextLoader - Did not detect default resource location for test class [com.example.burrowwebapp.BurrowWebAppApplicationTests]: class path resource [com/example/burrowwebapp/BurrowWebAppApplicationTestsContext.groovy] does not exist
13:02:51.553 [Test worker] INFO org.springframework.test.context.support.AbstractContextLoader - Could not detect default resource locations for test class [com.example.burrowwebapp.BurrowWebAppApplicationTests]: no resource found for suffixes {-context.xml, Context.groovy}.
13:02:51.560 [Test worker] INFO org.springframework.test.context.support.AnnotationConfigContextLoaderUtils - Could not detect default configuration classes for test class [com.example.burrowwebapp.BurrowWebAppApplicationTests]: BurrowWebAppApplicationTests does not declare any static, non-private, non-final, nested classes annotated with @Configuration.
13:02:51.638 [Test worker] DEBUG org.springframework.test.context.support.ActiveProfilesUtils - Could not find an 'annotation declaring class' for annotation type [org.springframework.test.context.ActiveProfiles] and class [com.example.burrowwebapp.BurrowWebAppApplicationTests]
13:02:51.759 [Test worker] DEBUG org.springframework.context.annotation.ClassPathScanningCandidateComponentProvider - Identified candidate component class: file [/Users/kaitlynforks/Desktop/launchCode/burrow-web-app/build/classes/java/main/com/example/burrowwebapp/BurrowWebAppApplication.class]
13:02:51.761 [Test worker] INFO org.springframework.boot.test.context.SpringBootTestContextBootstrapper - Found @SpringBootConfiguration com.example.burrowwebapp.BurrowWebAppApplication for test class com.example.burrowwebapp.BurrowWebAppApplicationTests
13:02:51.923 [Test worker] DEBUG org.springframework.boot.test.context.SpringBootTestContextBootstrapper - @TestExecutionListeners is not present for class [com.example.burrowwebapp.BurrowWebAppApplicationTests]: using defaults.
13:02:51.924 [Test worker] INFO org.springframework.boot.test.context.SpringBootTestContextBootstrapper - Loaded default TestExecutionListener class names from location [META-INF/spring.factories]: [org.springframework.boot.test.autoconfigure.restdocs.RestDocsTestExecutionListener, org.springframework.boot.test.autoconfigure.web.client.MockRestServiceServerResetTestExecutionListener, org.springframework.boot.test.autoconfigure.web.servlet.MockMvcPrintOnlyOnFailureTestExecutionListener, org.springframework.boot.test.autoconfigure.web.servlet.WebDriverTestExecutionListener, org.springframework.boot.test.autoconfigure.webservices.client.MockWebServiceServerTestExecutionListener, org.springframework.boot.test.mock.mockito.MockitoTestExecutionListener, org.springframework.boot.test.mock.mockito.ResetMocksTestExecutionListener, org.springframework.test.context.web.ServletTestExecutionListener, org.springframework.test.context.support.DirtiesContextBeforeModesTestExecutionListener, org.springframework.test.context.support.DependencyInjectionTestExecutionListener, org.springframework.test.context.support.DirtiesContextTestExecutionListener, org.springframework.test.context.transaction.TransactionalTestExecutionListener, org.springframework.test.context.jdbc.SqlScriptsTestExecutionListener, org.springframework.test.context.event.EventPublishingTestExecutionListener]
13:02:51.955 [Test worker] DEBUG org.springframework.boot.test.context.SpringBootTestContextBootstrapper - Skipping candidate TestExecutionListener [org.springframework.test.context.transaction.TransactionalTestExecutionListener] due to a missing dependency. Specify custom listener classes or make the default listener classes and their required dependencies available. Offending class: [org/springframework/transaction/interceptor/TransactionAttributeSource]
13:02:51.959 [Test worker] DEBUG org.springframework.boot.test.context.SpringBootTestContextBootstrapper - Skipping candidate TestExecutionListener [org.springframework.test.context.jdbc.SqlScriptsTestExecutionListener] due to a missing dependency. Specify custom listener classes or make the default listener classes and their required dependencies available. Offending class: [org/springframework/transaction/interceptor/TransactionAttribute]
13:02:51.960 [Test worker] INFO org.springframework.boot.test.context.SpringBootTestContextBootstrapper - Using TestExecutionListeners: [org.springframework.test.context.web.ServletTestExecutionListener@32babbf9, org.springframework.test.context.support.DirtiesContextBeforeModesTestExecutionListener@34ecf8eb, org.springframework.boot.test.mock.mockito.MockitoTestExecutionListener@16ec53c1, org.springframework.boot.test.autoconfigure.SpringBootDependencyInjectionTestExecutionListener@4f320e2c, org.springframework.test.context.support.DirtiesContextTestExecutionListener@28b01140, org.springframework.test.context.event.EventPublishingTestExecutionListener@7b488f1d, org.springframework.boot.test.autoconfigure.restdocs.RestDocsTestExecutionListener@fcea9ee, org.springframework.boot.test.autoconfigure.web.client.MockRestServiceServerResetTestExecutionListener@50529555, org.springframework.boot.test.autoconfigure.web.servlet.MockMvcPrintOnlyOnFailureTestExecutionListener@7840b40e, org.springframework.boot.test.autoconfigure.web.servlet.WebDriverTestExecutionListener@474fec7c, org.springframework.boot.test.autoconfigure.webservices.client.MockWebServiceServerTestExecutionListener@3d34bca2, org.springframework.boot.test.mock.mockito.ResetMocksTestExecutionListener@79086e6c]
13:02:51.968 [Test worker] DEBUG org.springframework.test.context.support.AbstractDirtiesContextTestExecutionListener - Before test class: context [DefaultTestContext@64b975f4 testClass = BurrowWebAppApplicationTests, testInstance = [null], testMethod = [null], testException = [null], mergedContextConfiguration = [WebMergedContextConfiguration@66dd70f4 testClass = BurrowWebAppApplicationTests, locations = '{}', classes = '{class com.example.burrowwebapp.BurrowWebAppApplication}', contextInitializerClasses = '[]', activeProfiles = '{}', propertySourceLocations = '{}', propertySourceProperties = '{org.springframework.boot.test.context.SpringBootTestContextBootstrapper=true}', contextCustomizers = set[org.springframework.boot.test.autoconfigure.actuate.metrics.MetricsExportContextCustomizerFactory$DisableMetricExportContextCustomizer@47fb663b, org.springframework.boot.test.autoconfigure.properties.PropertyMappingContextCustomizer@0, org.springframework.boot.test.autoconfigure.web.servlet.WebDriverContextCustomizerFactory$Customizer@424245f2, org.springframework.boot.test.context.filter.ExcludeFilterContextCustomizer@5ebf7ad2, org.springframework.boot.test.json.DuplicateJsonObjectContextCustomizerFactory$DuplicateJsonObjectContextCustomizer@7adc2d03, org.springframework.boot.test.mock.mockito.MockitoContextCustomizer@0, org.springframework.boot.test.web.client.TestRestTemplateContextCustomizer@159d26e7, org.springframework.boot.test.web.reactive.server.WebTestClientContextCustomizer@777b2ef8, org.springframework.boot.test.context.SpringBootTestArgs@1, org.springframework.boot.test.context.SpringBootTestWebEnvironment@2483323f], resourceBasePath = 'src/main/webapp', contextLoader = 'org.springframework.boot.test.context.SpringBootContextLoader', parent = [null]], attributes = map['org.springframework.test.context.web.ServletTestExecutionListener.activateListener' -> true]], class annotated with @DirtiesContext [false] with mode [null].
13:02:52.013 [Test worker] DEBUG org.springframework.test.context.support.TestPropertySourceUtils - Adding inlined properties to environment: {spring.jmx.enabled=false, org.springframework.boot.test.context.SpringBootTestContextBootstrapper=true}

  .   ____          _            __ _ _
 /\\ / ___'_ __ _ _(_)_ __  __ _ \ \ \ \
( ( )\___ | '_ | '_| | '_ \/ _` | \ \ \ \
 \\/  ___)| |_)| | | | | || (_| |  ) ) ) )
  '  |____| .__|_| |_|_| |_\__, | / / / /
 =========|_|==============|___/=/_/_/_/
 :: Spring Boot ::                (v2.4.0)

2020-11-25 13:02:57.469  INFO 45676 --- [    Test worker] c.e.b.BurrowWebAppApplicationTests       : Starting BurrowWebAppApplicationTests using Java 13.0.2 on VT-100541.local with PID 45676 (started by kaitlynforks in /Users/kaitlynforks/Desktop/launchCode/burrow-web-app)
2020-11-25 13:02:57.475  INFO 45676 --- [    Test worker] c.e.b.BurrowWebAppApplicationTests       : No active profile set, falling back to default profiles: default
2020-11-25 13:03:00.291  INFO 45676 --- [    Test worker] o.s.s.concurrent.ThreadPoolTaskExecutor  : Initializing ExecutorService 'applicationTaskExecutor'
2020-11-25 13:03:01.409  INFO 45676 --- [    Test worker] c.e.b.BurrowWebAppApplicationTests       : Started BurrowWebAppApplicationTests in 9.38 seconds (JVM running for 11.466)
]]></system-out>
  <system-err><![CDATA[]]></system-err>
</testsuite>
